<?xml version="1.0" encoding="UTF-8"?>
<!-- Generated by org.testng.reporters.JUnitReportReporter -->
<testsuite skipped="0" hostname="LXI363" name="MavenDemoinMay.MavenDemoinMay.AppTest" tests="4" failures="0" timestamp="03 May 2019 10:56:29 GMT" time="0.006" errors="0">
  <testcase name="sum" time="0.001" classname="MavenDemoinMay.MavenDemoinMay.AppTest"/>
  <testcase name="mult" time="0.000" classname="MavenDemoinMay.MavenDemoinMay.AppTest"/>
  <testcase name="div" time="0.005" classname="MavenDemoinMay.MavenDemoinMay.AppTest"/>
  <testcase name="sub" time="0.000" classname="MavenDemoinMay.MavenDemoinMay.AppTest"/>
</testsuite> <!-- MavenDemoinMay.MavenDemoinMay.AppTest -->
